Release 14.7 - xst P.20131013 (lin64)
Copyright (c) 1995-2013 Xilinx, Inc.  All rights reserved.
--> 
Parameter TMPDIR set to xst/projnav.tmp


Total REAL time to Xst completion: 0.00 secs
Total CPU time to Xst completion: 0.03 secs
 
--> 
Parameter xsthdpdir set to xst


Total REAL time to Xst completion: 0.00 secs
Total CPU time to Xst completion: 0.03 secs
 
--> 
Reading design: digit_multiplexer.prj

TABLE OF CONTENTS
  1) Synthesis Options Summary
  2) HDL Compilation
  3) Design Hierarchy Analysis
  4) HDL Analysis
  5) HDL Synthesis
     5.1) HDL Synthesis Report
  6) Advanced HDL Synthesis
     6.1) Advanced HDL Synthesis Report
  7) Low Level Synthesis
  8) Partition Report
  9) Final Report
	9.1) Device utilization summary
	9.2) Partition Resource Summary
	9.3) TIMING REPORT


=========================================================================
*                      Synthesis Options Summary                        *
=========================================================================
---- Source Parameters
Input File Name                    : "digit_multiplexer.prj"
Input Format                       : mixed
Ignore Synthesis Constraint File   : NO

---- Target Parameters
Output File Name                   : "digit_multiplexer"
Output Format                      : NGC
Target Device                      : xc3s500e-5-fg320

---- Source Options
Top Module Name                    : digit_multiplexer
Automatic FSM Extraction           : YES
FSM Encoding Algorithm             : Auto
Safe Implementation                : No
FSM Style                          : LUT
RAM Extraction                     : Yes
RAM Style                          : Auto
ROM Extraction                     : Yes
Mux Style                          : Auto
Decoder Extraction                 : YES
Priority Encoder Extraction        : Yes
Shift Register Extraction          : YES
Logical Shifter Extraction         : YES
XOR Collapsing                     : YES
ROM Style                          : Auto
Mux Extraction                     : Yes
Resource Sharing                   : YES
Asynchronous To Synchronous        : NO
Multiplier Style                   : Auto
Automatic Register Balancing       : No

---- Target Options
Add IO Buffers                     : YES
Global Maximum Fanout              : 500
Add Generic Clock Buffer(BUFG)     : 24
Register Duplication               : YES
Slice Packing                      : YES
Optimize Instantiated Primitives   : NO
Use Clock Enable                   : Yes
Use Synchronous Set                : Yes
Use Synchronous Reset              : Yes
Pack IO Registers into IOBs        : Auto
Equivalent register Removal        : YES

---- General Options
Optimization Goal                  : Speed
Optimization Effort                : 1
Keep Hierarchy                     : No
Netlist Hierarchy                  : As_Optimized
RTL Output                         : Yes
Global Optimization                : AllClockNets
Read Cores                         : YES
Write Timing Constraints           : NO
Cross Clock Analysis               : NO
Hierarchy Separator                : /
Bus Delimiter                      : <>
Case Specifier                     : Maintain
Slice Utilization Ratio            : 100
BRAM Utilization Ratio             : 100
Verilog 2001                       : YES
Auto BRAM Packing                  : NO
Slice Utilization Ratio Delta      : 5

=========================================================================


=========================================================================
*                          HDL Compilation                              *
=========================================================================
Compiling verilog file "afisaj_mux.v" in library work
Module <digit_multiplexer> compiled
Module <afisaj7s> compiled
Module <counter> compiled
Module <mux> compiled
Module <decoder> compiled
Module <transcodor> compiled
No errors in compilation
Analysis of file <"digit_multiplexer.prj"> succeeded.
 

=========================================================================
*                     Design Hierarchy Analysis                         *
=========================================================================
Analyzing hierarchy for module <digit_multiplexer> in library <work>.

Analyzing hierarchy for module <afisaj7s> in library <work>.

Analyzing hierarchy for module <counter> in library <work>.

Analyzing hierarchy for module <decoder> in library <work>.

Analyzing hierarchy for module <mux> in library <work>.

Analyzing hierarchy for module <transcodor> in library <work>.


=========================================================================
*                            HDL Analysis                               *
=========================================================================
Analyzing top module <digit_multiplexer>.
Module <digit_multiplexer> is correct for synthesis.
 
Analyzing module <afisaj7s> in library <work>.
Module <afisaj7s> is correct for synthesis.
 
Analyzing module <counter> in library <work>.
Module <counter> is correct for synthesis.
 
Analyzing module <decoder> in library <work>.
Module <decoder> is correct for synthesis.
 
Analyzing module <mux> in library <work>.
Module <mux> is correct for synthesis.
 
Analyzing module <transcodor> in library <work>.
Module <transcodor> is correct for synthesis.
 

=========================================================================
*                           HDL Synthesis                               *
=========================================================================

Performing bidirectional port resolution...

Synthesizing Unit <counter>.
    Related source file is "afisaj_mux.v".
    Found 19-bit up counter for signal <count>.
    Summary:
	inferred   1 Counter(s).
Unit <counter> synthesized.


Synthesizing Unit <decoder>.
    Related source file is "afisaj_mux.v".
    Found 32-bit shifter logical left for signal <out$shift0000> created at line 114.
    Summary:
	inferred   1 Combinational logic shifter(s).
Unit <decoder> synthesized.


Synthesizing Unit <mux>.
    Related source file is "afisaj_mux.v".
    Found 4-bit 4-to-1 multiplexer for signal <out>.
    Summary:
	inferred   4 Multiplexer(s).
Unit <mux> synthesized.


Synthesizing Unit <transcodor>.
    Related source file is "afisaj_mux.v".
    Found 16x8-bit ROM for signal <out_seg>.
    Summary:
	inferred   1 ROM(s).
Unit <transcodor> synthesized.


Synthesizing Unit <afisaj7s>.
    Related source file is "afisaj_mux.v".
Unit <afisaj7s> synthesized.


Synthesizing Unit <digit_multiplexer>.
    Related source file is "afisaj_mux.v".
Unit <digit_multiplexer> synthesized.


=========================================================================
HDL Synthesis Report

Macro Statistics
# ROMs                                                 : 1
 16x8-bit ROM                                          : 1
# Counters                                             : 1
 19-bit up counter                                     : 1
# Multiplexers                                         : 1
 4-bit 4-to-1 multiplexer                              : 1
# Logic shifters                                       : 1
 32-bit shifter logical left                           : 1

=========================================================================

=========================================================================
*                       Advanced HDL Synthesis                          *
=========================================================================


=========================================================================
Advanced HDL Synthesis Report

Macro Statistics
# ROMs                                                 : 1
 16x8-bit ROM                                          : 1
# Counters                                             : 1
 19-bit up counter                                     : 1
# Multiplexers                                         : 1
 4-bit 4-to-1 multiplexer                              : 1
# Logic shifters                                       : 1
 32-bit shifter logical left                           : 1

=========================================================================

=========================================================================
*                         Low Level Synthesis                           *
=========================================================================

Optimizing unit <digit_multiplexer> ...

Mapping all equations...
Building and optimizing final netlist ...
Found area constraint ratio of 100 (+ 5) on block digit_multiplexer, actual ratio is 0.

Final Macro Processing ...

=========================================================================
Final Register Report

Macro Statistics
# Registers                                            : 19
 Flip-Flops                                            : 19

=========================================================================

=========================================================================
*                           Partition Report                            *
=========================================================================

Partition Implementation Status
-------------------------------

  No Partitions were found in this design.

-------------------------------

=========================================================================
*                            Final Report                               *
=========================================================================
Final Results
RTL Top Level Output File Name     : digit_multiplexer.ngr
Top Level Output File Name         : digit_multiplexer
Output Format                      : NGC
Optimization Goal                  : Speed
Keep Hierarchy                     : No

Design Statistics
# IOs                              : 22

Cell Usage :
# BELS                             : 72
#      GND                         : 1
#      INV                         : 2
#      LUT1                        : 18
#      LUT2                        : 7
#      LUT3                        : 4
#      MUXCY                       : 18
#      MUXF5                       : 2
#      VCC                         : 1
#      XORCY                       : 19
# FlipFlops/Latches                : 19
#      FDC                         : 19
# Clock Buffers                    : 1
#      BUFGP                       : 1
# IO Buffers                       : 21
#      IBUF                        : 9
#      OBUF                        : 12
=========================================================================

Device utilization summary:
---------------------------

Selected Device : 3s500efg320-5 

 Number of Slices:                       16  out of   4656     0%  
 Number of Slice Flip Flops:             19  out of   9312     0%  
 Number of 4 input LUTs:                 31  out of   9312     0%  
 Number of IOs:                          22
 Number of bonded IOBs:                  22  out of    232     9%  
 Number of GCLKs:                         1  out of     24     4%  

---------------------------
Partition Resource Summary:
---------------------------

  No Partitions were found in this design.

---------------------------


=========================================================================
TIMING REPORT

NOTE: THESE TIMING NUMBERS ARE ONLY A SYNTHESIS ESTIMATE.
      FOR ACCURATE TIMING INFORMATION PLEASE REFER TO THE TRACE REPORT
      GENERATED AFTER PLACE-and-ROUTE.

Clock Information:
------------------
-----------------------------------+------------------------+-------+
Clock Signal                       | Clock buffer(FF name)  | Load  |
-----------------------------------+------------------------+-------+
clock                              | BUFGP                  | 19    |
-----------------------------------+------------------------+-------+

Asynchronous Control Signals Information:
----------------------------------------
-----------------------------------+------------------------+-------+
Control Signal                     | Buffer(FF name)        | Load  |
-----------------------------------+------------------------+-------+
reset                              | IBUF                   | 19    |
-----------------------------------+------------------------+-------+

Timing Summary:
---------------
Speed Grade: -5

   Minimum period: 3.830ns (Maximum Frequency: 261.097MHz)
   Minimum input arrival time before clock: No path found
   Maximum output required time after clock: 7.065ns
   Maximum combinational path delay: 7.234ns

Timing Detail:
--------------
All values displayed in nanoseconds (ns)

=========================================================================
Timing constraint: Default period analysis for Clock 'clock'
  Clock period: 3.830ns (frequency: 261.097MHz)
  Total number of paths / destination ports: 190 / 19
-------------------------------------------------------------------------
Delay:               3.830ns (Levels of Logic = 19)
  Source:            seg1/counter0/count_1 (FF)
  Destination:       seg1/counter0/count_18 (FF)
  Source Clock:      clock rising
  Destination Clock: clock rising

  Data Path: seg1/counter0/count_1 to seg1/counter0/count_18
                                Gate     Net
    Cell:in->out      fanout   Delay   Delay  Logical Name (Net Name)
    ----------------------------------------  ------------
     FDC:C->Q              1   0.514   0.509  seg1/counter0/count_1 (seg1/counter0/count_1)
     LUT1:I0->O            1   0.612   0.000  seg1/counter0/Mcount_count_cy<1>_rt (seg1/counter0/Mcount_count_cy<1>_rt)
     MUXCY:S->O            1   0.404   0.000  seg1/counter0/Mcount_count_cy<1> (seg1/counter0/Mcount_count_cy<1>)
     MUXCY:CI->O           1   0.051   0.000  seg1/counter0/Mcount_count_cy<2> (seg1/counter0/Mcount_count_cy<2>)
     MUXCY:CI->O           1   0.051   0.000  seg1/counter0/Mcount_count_cy<3> (seg1/counter0/Mcount_count_cy<3>)
     MUXCY:CI->O           1   0.051   0.000  seg1/counter0/Mcount_count_cy<4> (seg1/counter0/Mcount_count_cy<4>)
     MUXCY:CI->O           1   0.051   0.000  seg1/counter0/Mcount_count_cy<5> (seg1/counter0/Mcount_count_cy<5>)
     MUXCY:CI->O           1   0.051   0.000  seg1/counter0/Mcount_count_cy<6> (seg1/counter0/Mcount_count_cy<6>)
     MUXCY:CI->O           1   0.051   0.000  seg1/counter0/Mcount_count_cy<7> (seg1/counter0/Mcount_count_cy<7>)
     MUXCY:CI->O           1   0.051   0.000  seg1/counter0/Mcount_count_cy<8> (seg1/counter0/Mcount_count_cy<8>)
     MUXCY:CI->O           1   0.051   0.000  seg1/counter0/Mcount_count_cy<9> (seg1/counter0/Mcount_count_cy<9>)
     MUXCY:CI->O           1   0.051   0.000  seg1/counter0/Mcount_count_cy<10> (seg1/counter0/Mcount_count_cy<10>)
     MUXCY:CI->O           1   0.051   0.000  seg1/counter0/Mcount_count_cy<11> (seg1/counter0/Mcount_count_cy<11>)
     MUXCY:CI->O           1   0.051   0.000  seg1/counter0/Mcount_count_cy<12> (seg1/counter0/Mcount_count_cy<12>)
     MUXCY:CI->O           1   0.051   0.000  seg1/counter0/Mcount_count_cy<13> (seg1/counter0/Mcount_count_cy<13>)
     MUXCY:CI->O           1   0.051   0.000  seg1/counter0/Mcount_count_cy<14> (seg1/counter0/Mcount_count_cy<14>)
     MUXCY:CI->O           1   0.051   0.000  seg1/counter0/Mcount_count_cy<15> (seg1/counter0/Mcount_count_cy<15>)
     MUXCY:CI->O           1   0.051   0.000  seg1/counter0/Mcount_count_cy<16> (seg1/counter0/Mcount_count_cy<16>)
     MUXCY:CI->O           0   0.051   0.000  seg1/counter0/Mcount_count_cy<17> (seg1/counter0/Mcount_count_cy<17>)
     XORCY:CI->O           1   0.699   0.000  seg1/counter0/Mcount_count_xor<18> (Result<18>)
     FDC:D                     0.268          seg1/counter0/count_18
    ----------------------------------------
    Total                      3.830ns (3.321ns logic, 0.509ns route)
                                       (86.7% logic, 13.3% route)

=========================================================================
Timing constraint: Default OFFSET OUT AFTER for Clock 'clock'
  Total number of paths / destination ports: 38 / 10
-------------------------------------------------------------------------
Offset:              7.065ns (Levels of Logic = 4)
  Source:            seg1/counter0/count_17 (FF)
  Destination:       out_seg<7> (PAD)
  Source Clock:      clock rising

  Data Path: seg1/counter0/count_17 to out_seg<7>
                                Gate     Net
    Cell:in->out      fanout   Delay   Delay  Logical Name (Net Name)
    ----------------------------------------  ------------
     FDC:C->Q              9   0.514   0.849  seg1/counter0/count_17 (seg1/counter0/count_17)
     LUT3:I0->O            1   0.612   0.000  seg1/mux0/Mmux_out_31 (seg1/mux0/Mmux_out_31)
     MUXF5:I1->O           4   0.278   0.651  seg1/mux0/Mmux_out_2_f5_0 (seg1/w_out_mux<1>)
     LUT2:I0->O            2   0.612   0.380  out_seg<7>1 (out_seg_7_OBUF)
     OBUF:I->O                 3.169          out_seg_7_OBUF (out_seg<7>)
    ----------------------------------------
    Total                      7.065ns (5.185ns logic, 1.880ns route)
                                       (73.4% logic, 26.6% route)

=========================================================================
Timing constraint: Default path analysis
  Total number of paths / destination ports: 40 / 6
-------------------------------------------------------------------------
Delay:               7.234ns (Levels of Logic = 5)
  Source:            sw<1> (PAD)
  Destination:       out_seg<7> (PAD)

  Data Path: sw<1> to out_seg<7>
                                Gate     Net
    Cell:in->out      fanout   Delay   Delay  Logical Name (Net Name)
    ----------------------------------------  ------------
     IBUF:I->O             1   1.106   0.426  sw_1_IBUF (sw_1_IBUF)
     LUT3:I1->O            1   0.612   0.000  seg1/mux0/Mmux_out_41 (seg1/mux0/Mmux_out_41)
     MUXF5:I0->O           4   0.278   0.651  seg1/mux0/Mmux_out_2_f5_0 (seg1/w_out_mux<1>)
     LUT2:I0->O            2   0.612   0.380  out_seg<7>1 (out_seg_7_OBUF)
     OBUF:I->O                 3.169          out_seg_7_OBUF (out_seg<7>)
    ----------------------------------------
    Total                      7.234ns (5.777ns logic, 1.457ns route)
                                       (79.9% logic, 20.1% route)

=========================================================================


Total REAL time to Xst completion: 3.00 secs
Total CPU time to Xst completion: 3.20 secs
 
--> 


Total memory usage is 512572 kilobytes

Number of errors   :    0 (   0 filtered)
Number of warnings :    4 (   0 filtered)
Number of infos    :    0 (   0 filtered)

