--------------------------------------------------------------------------------
Release 14.7 Trace  (lin64)
Copyright (c) 1995-2013 Xilinx, Inc.  All rights reserved.

/opt/Xilinx/14.7/ISE_DS/ISE/bin/lin64/unwrapped/trce -intstyle ise -v 3 -s 5 -n
3 -fastpaths -xml top.twx top.ncd -o top.twr top.pcf -ucf constraints.ucf

Design file:              top.ncd
Physical constraint file: top.pcf
Device,package,speed:     xc3s500e,fg320,-5 (PRODUCTION 1.27 2013-10-13)
Report level:             verbose report

Environment Variable      Effect 
--------------------      ------ 
NONE                      No environment variables were set
--------------------------------------------------------------------------------

INFO:Timing:2698 - No timing constraints found, doing default enumeration.
INFO:Timing:3412 - To improve timing, see the Timing Closure User Guide (UG612).
INFO:Timing:2752 - To get complete path coverage, use the unconstrained paths 
   option. All paths that are not constrained will be reported in the 
   unconstrained paths section(s) of the report.
INFO:Timing:3339 - The clock-to-out numbers in this timing report are based on 
   a 50 Ohm transmission line loading model.  For the details of this model, 
   and for more information on accounting for different loading conditions, 
   please see the device datasheet.
INFO:Timing:3390 - This architecture does not support a default System Jitter 
   value, please add SYSTEM_JITTER constraint to the UCF to modify the Clock 
   Uncertainty calculation.
INFO:Timing:3389 - This architecture does not support 'Discrete Jitter' and 
   'Phase Error' calculations, these terms will be zero in the Clock 
   Uncertainty calculation.  Please make appropriate modification to 
   SYSTEM_JITTER to account for the unsupported Discrete Jitter and Phase 
   Error.



Data Sheet report:
-----------------
All values displayed in nanoseconds (ns)

Clock FCLK to Pad
------------+------------+------------------+--------+
            | clk (edge) |                  | Clock  |
Destination |   to PAD   |Internal Clock(s) | Phase  |
------------+------------+------------------+--------+
B<0>        |    8.090(R)|VGACLK            |   0.000|
B<1>        |    8.268(R)|VGACLK            |   0.000|
DISPLAY_EN  |    6.983(R)|VGACLK            |   0.000|
G<0>        |    7.668(R)|VGACLK            |   0.000|
G<1>        |    7.384(R)|VGACLK            |   0.000|
G<2>        |    8.430(R)|VGACLK            |   0.000|
HSYNC       |    6.164(R)|VGACLK            |   0.000|
POS_X<0>    |    6.816(R)|VGACLK            |   0.000|
POS_X<1>    |    5.653(R)|VGACLK            |   0.000|
POS_X<2>    |    6.269(R)|VGACLK            |   0.000|
POS_X<3>    |    6.321(R)|VGACLK            |   0.000|
POS_X<4>    |    6.449(R)|VGACLK            |   0.000|
POS_X<5>    |    6.779(R)|VGACLK            |   0.000|
POS_X<6>    |    6.990(R)|VGACLK            |   0.000|
POS_X<7>    |    5.412(R)|VGACLK            |   0.000|
POS_X<8>    |    5.629(R)|VGACLK            |   0.000|
POS_X<9>    |    6.387(R)|VGACLK            |   0.000|
POS_X<10>   |    5.743(R)|VGACLK            |   0.000|
R<0>        |    8.065(R)|VGACLK            |   0.000|
R<1>        |    7.583(R)|VGACLK            |   0.000|
R<2>        |    7.901(R)|VGACLK            |   0.000|
------------+------------+------------------+--------+

Clock to Setup on destination clock FCLK
---------------+---------+---------+---------+---------+
               | Src:Rise| Src:Fall| Src:Rise| Src:Fall|
Source Clock   |Dest:Rise|Dest:Rise|Dest:Fall|Dest:Fall|
---------------+---------+---------+---------+---------+
FCLK           |    4.663|         |         |         |
---------------+---------+---------+---------+---------+

Pad to Pad
---------------+---------------+---------+
Source Pad     |Destination Pad|  Delay  |
---------------+---------------+---------+
PIXEL_DATA<0>  |B<0>           |    8.729|
PIXEL_DATA<1>  |B<1>           |    8.784|
PIXEL_DATA<2>  |G<0>           |    8.485|
PIXEL_DATA<3>  |G<1>           |    7.932|
PIXEL_DATA<4>  |G<2>           |    8.381|
PIXEL_DATA<5>  |R<0>           |    7.752|
PIXEL_DATA<6>  |R<1>           |    7.059|
PIXEL_DATA<7>  |R<2>           |    7.232|
---------------+---------------+---------+


Analysis completed Fri Jul 29 12:18:32 2016 
--------------------------------------------------------------------------------

Trace Settings:
-------------------------
Trace Settings 

Peak Memory Usage: 348 MB



